#-----------------------------------------------------------
# Vivado v2018.2 (64-bit)
# SW Build 2258646 on Thu Jun 14 20:03:12 MDT 2018
# IP Build 2256618 on Thu Jun 14 22:10:49 MDT 2018
# Start of session at: Thu Feb 28 11:57:28 2019
# Process ID: 10900
# Current directory: C:/Users/Daniel/Desktop/SumComp4Bits
# Command line: vivado.exe -gui_launcher_event rodinguilauncherevent11480 C:\Users\Daniel\Desktop\SumComp4Bits\SumComp4Bits.xpr
# Log file: C:/Users/Daniel/Desktop/SumComp4Bits/vivado.log
# Journal file: C:/Users/Daniel/Desktop/SumComp4Bits\vivado.jou
#-----------------------------------------------------------
start_gui
open_project C:/Users/Daniel/Desktop/SumComp4Bits/SumComp4Bits.xpr
Scanning sources...
Finished scanning sources
INFO: [IP_Flow 19-234] Refreshing IP repositories
INFO: [IP_Flow 19-1704] No user IP repositories specified
INFO: [IP_Flow 19-2313] Loaded Vivado IP repository 'C:/Xilinx/Vivado/2018.2/data/ip'.
open_project: Time (s): cpu = 00:00:16 ; elapsed = 00:00:17 . Memory (MB): peak = 757.898 ; gain = 64.445
update_compile_order -fileset sources_1
exit
INFO: [Common 17-206] Exiting Vivado at Thu Feb 28 11:59:09 2019...
