#-----------------------------------------------------------
# Vivado v2018.2 (64-bit)
# SW Build 2258646 on Thu Jun 14 20:03:12 MDT 2018
# IP Build 2256618 on Thu Jun 14 22:10:49 MDT 2018
# Start of session at: Tue Apr  9 14:38:20 2019
# Process ID: 10336
# Current directory: C:/Users/Daniel/Desktop/Alu/AluModularComp
# Command line: vivado.exe -gui_launcher_event rodinguilauncherevent5556 C:\Users\Daniel\Desktop\Alu\AluModularComp\AluModularComp.xpr
# Log file: C:/Users/Daniel/Desktop/Alu/AluModularComp/vivado.log
# Journal file: C:/Users/Daniel/Desktop/Alu/AluModularComp\vivado.jou
#-----------------------------------------------------------
start_gui
open_project C:/Users/Daniel/Desktop/Alu/AluModularComp/AluModularComp.xpr
Scanning sources...
Finished scanning sources
INFO: [IP_Flow 19-234] Refreshing IP repositories
INFO: [IP_Flow 19-1704] No user IP repositories specified
INFO: [IP_Flow 19-2313] Loaded Vivado IP repository 'C:/Xilinx/Vivado/2018.2/data/ip'.
open_project: Time (s): cpu = 00:00:15 ; elapsed = 00:00:11 . Memory (MB): peak = 811.402 ; gain = 103.742
update_compile_order -fileset sources_1
open_hw
connect_hw_server
INFO: [Labtools 27-2285] Connecting to hw_server url TCP:localhost:3121
INFO: [Labtools 27-2222] Launching hw_server...
INFO: [Labtools 27-2221] Launch Output:

****** Xilinx hw_server v2018.2
  **** Build date : Jun 14 2018-20:42:52
    ** Copyright 1986-2018 Xilinx, Inc. All Rights Reserved.


open_hw_target
INFO: [Labtoolstcl 44-466] Opening hw_target localhost:3121/xilinx_tcf/Digilent/210274593089A
set_property PROGRAM.FILE {C:/Users/Daniel/Desktop/Alu/AluModularComp/AluModularComp.runs/impl_1/ALUU.bit} [get_hw_devices xc7a100t_0]
current_hw_device [get_hw_devices xc7a100t_0]
refresh_hw_device -update_hw_probes false [lindex [get_hw_devices xc7a100t_0] 0]
INFO: [Labtools 27-1434] Device xc7a100t (JTAG device index = 0) is programmed with a design that has no supported debug core(s) in it.
WARNING: [Labtools 27-3361] The debug hub core was not detected.
Resolution: 
1. Make sure the clock connected to the debug hub (dbg_hub) core is a free running clock and is active.
2. Make sure the BSCAN_SWITCH_USER_MASK device property in Vivado Hardware Manager reflects the user scan chain setting in the design and refresh the device.  To determine the user scan chain setting in the design, open the implemented design and use 'get_property C_USER_SCAN_CHAIN [get_debug_cores dbg_hub]'.
For more details on setting the scan chain property, consult the Vivado Debug and Programming User Guide (UG908).
set_property PROBES.FILE {} [get_hw_devices xc7a100t_0]
set_property FULL_PROBES.FILE {} [get_hw_devices xc7a100t_0]
set_property PROGRAM.FILE {C:/Users/Daniel/Desktop/Alu/AluModularComp/AluModularComp.runs/impl_1/ALUU.bit} [get_hw_devices xc7a100t_0]
program_hw_devices [get_hw_devices xc7a100t_0]
INFO: [Labtools 27-3164] End of startup status: HIGH
refresh_hw_device [lindex [get_hw_devices xc7a100t_0] 0]
INFO: [Labtools 27-1434] Device xc7a100t (JTAG device index = 0) is programmed with a design that has no supported debug core(s) in it.
WARNING: [Labtools 27-3361] The debug hub core was not detected.
Resolution: 
1. Make sure the clock connected to the debug hub (dbg_hub) core is a free running clock and is active.
2. Make sure the BSCAN_SWITCH_USER_MASK device property in Vivado Hardware Manager reflects the user scan chain setting in the design and refresh the device.  To determine the user scan chain setting in the design, open the implemented design and use 'get_property C_USER_SCAN_CHAIN [get_debug_cores dbg_hub]'.
For more details on setting the scan chain property, consult the Vivado Debug and Programming User Guide (UG908).
reset_run synth_1
launch_runs synth_1 -jobs 2
[Tue Apr  9 14:46:20 2019] Launched synth_1...
Run output will be captured here: C:/Users/Daniel/Desktop/Alu/AluModularComp/AluModularComp.runs/synth_1/runme.log
launch_runs impl_1 -jobs 2
[Tue Apr  9 14:47:08 2019] Launched impl_1...
Run output will be captured here: C:/Users/Daniel/Desktop/Alu/AluModularComp/AluModularComp.runs/impl_1/runme.log
launch_runs impl_1 -to_step write_bitstream -jobs 2
[Tue Apr  9 14:48:37 2019] Launched impl_1...
Run output will be captured here: C:/Users/Daniel/Desktop/Alu/AluModularComp/AluModularComp.runs/impl_1/runme.log
open_run impl_1
INFO: [Netlist 29-17] Analyzing 13 Unisim elements for replacement
INFO: [Netlist 29-28] Unisim Transformation completed in 0 CPU seconds
INFO: [Project 1-479] Netlist was created with Vivado 2018.2
INFO: [Device 21-403] Loading part xc7a100tcsg324-1
INFO: [Project 1-570] Preparing netlist for logic optimization
INFO: [Timing 38-478] Restoring timing data from binary archive.
INFO: [Timing 38-479] Binary timing data restore complete.
INFO: [Project 1-856] Restoring constraints from binary archive.
INFO: [Project 1-853] Binary constraint restore complete.
Reading XDEF placement.
Reading placer database...
Reading XDEF routing.
Read XDEF File: Time (s): cpu = 00:00:00 ; elapsed = 00:00:00.037 . Memory (MB): peak = 2366.031 ; gain = 0.000
Restored from archive | CPU: 0.000000 secs | Memory: 0.000000 MB |
Finished XDEF File Restore: Time (s): cpu = 00:00:00 ; elapsed = 00:00:00.038 . Memory (MB): peak = 2366.031 ; gain = 0.000
INFO: [Project 1-111] Unisim Transformation Summary:
No Unisim elements were transformed.

open_run: Time (s): cpu = 00:00:30 ; elapsed = 00:00:28 . Memory (MB): peak = 2441.879 ; gain = 916.902
WARNING: [Timing 38-313] There are no user specified timing constraints. Timing constraints are needed for proper timing analysis.
set_property PROBES.FILE {} [get_hw_devices xc7a100t_0]
set_property FULL_PROBES.FILE {} [get_hw_devices xc7a100t_0]
set_property PROGRAM.FILE {C:/Users/Daniel/Desktop/Alu/AluModularComp/AluModularComp.runs/impl_1/ALUU.bit} [get_hw_devices xc7a100t_0]
program_hw_devices [get_hw_devices xc7a100t_0]
INFO: [Labtools 27-3164] End of startup status: HIGH
refresh_hw_device [lindex [get_hw_devices xc7a100t_0] 0]
INFO: [Labtools 27-1434] Device xc7a100t (JTAG device index = 0) is programmed with a design that has no supported debug core(s) in it.
WARNING: [Labtools 27-3361] The debug hub core was not detected.
Resolution: 
1. Make sure the clock connected to the debug hub (dbg_hub) core is a free running clock and is active.
2. Make sure the BSCAN_SWITCH_USER_MASK device property in Vivado Hardware Manager reflects the user scan chain setting in the design and refresh the device.  To determine the user scan chain setting in the design, open the implemented design and use 'get_property C_USER_SCAN_CHAIN [get_debug_cores dbg_hub]'.
For more details on setting the scan chain property, consult the Vivado Debug and Programming User Guide (UG908).
reset_run synth_1
launch_runs synth_1 -jobs 2
[Tue Apr  9 14:54:18 2019] Launched synth_1...
Run output will be captured here: C:/Users/Daniel/Desktop/Alu/AluModularComp/AluModularComp.runs/synth_1/runme.log
launch_runs impl_1 -jobs 2
[Tue Apr  9 14:55:30 2019] Launched impl_1...
Run output will be captured here: C:/Users/Daniel/Desktop/Alu/AluModularComp/AluModularComp.runs/impl_1/runme.log
launch_runs impl_1 -to_step write_bitstream -jobs 2
[Tue Apr  9 14:56:54 2019] Launched impl_1...
Run output will be captured here: C:/Users/Daniel/Desktop/Alu/AluModularComp/AluModularComp.runs/impl_1/runme.log
set_property PROBES.FILE {} [get_hw_devices xc7a100t_0]
set_property FULL_PROBES.FILE {} [get_hw_devices xc7a100t_0]
set_property PROGRAM.FILE {C:/Users/Daniel/Desktop/Alu/AluModularComp/AluModularComp.runs/impl_1/ALUU.bit} [get_hw_devices xc7a100t_0]
program_hw_devices [get_hw_devices xc7a100t_0]
INFO: [Labtools 27-3164] End of startup status: HIGH
refresh_hw_device [lindex [get_hw_devices xc7a100t_0] 0]
INFO: [Labtools 27-1434] Device xc7a100t (JTAG device index = 0) is programmed with a design that has no supported debug core(s) in it.
WARNING: [Labtools 27-3361] The debug hub core was not detected.
Resolution: 
1. Make sure the clock connected to the debug hub (dbg_hub) core is a free running clock and is active.
2. Make sure the BSCAN_SWITCH_USER_MASK device property in Vivado Hardware Manager reflects the user scan chain setting in the design and refresh the device.  To determine the user scan chain setting in the design, open the implemented design and use 'get_property C_USER_SCAN_CHAIN [get_debug_cores dbg_hub]'.
For more details on setting the scan chain property, consult the Vivado Debug and Programming User Guide (UG908).
reset_run synth_1
launch_runs synth_1 -jobs 2
[Tue Apr  9 15:04:04 2019] Launched synth_1...
Run output will be captured here: C:/Users/Daniel/Desktop/Alu/AluModularComp/AluModularComp.runs/synth_1/runme.log
launch_runs impl_1 -jobs 2
[Tue Apr  9 15:04:47 2019] Launched impl_1...
Run output will be captured here: C:/Users/Daniel/Desktop/Alu/AluModularComp/AluModularComp.runs/impl_1/runme.log
launch_runs impl_1 -to_step write_bitstream -jobs 2
[Tue Apr  9 15:06:12 2019] Launched impl_1...
Run output will be captured here: C:/Users/Daniel/Desktop/Alu/AluModularComp/AluModularComp.runs/impl_1/runme.log
set_property PROBES.FILE {} [get_hw_devices xc7a100t_0]
set_property FULL_PROBES.FILE {} [get_hw_devices xc7a100t_0]
set_property PROGRAM.FILE {C:/Users/Daniel/Desktop/Alu/AluModularComp/AluModularComp.runs/impl_1/ALUU.bit} [get_hw_devices xc7a100t_0]
program_hw_devices [get_hw_devices xc7a100t_0]
INFO: [Labtools 27-3164] End of startup status: HIGH
refresh_hw_device [lindex [get_hw_devices xc7a100t_0] 0]
INFO: [Labtools 27-1434] Device xc7a100t (JTAG device index = 0) is programmed with a design that has no supported debug core(s) in it.
WARNING: [Labtools 27-3361] The debug hub core was not detected.
Resolution: 
1. Make sure the clock connected to the debug hub (dbg_hub) core is a free running clock and is active.
2. Make sure the BSCAN_SWITCH_USER_MASK device property in Vivado Hardware Manager reflects the user scan chain setting in the design and refresh the device.  To determine the user scan chain setting in the design, open the implemented design and use 'get_property C_USER_SCAN_CHAIN [get_debug_cores dbg_hub]'.
For more details on setting the scan chain property, consult the Vivado Debug and Programming User Guide (UG908).
reset_run synth_1
launch_runs synth_1 -jobs 2
[Tue Apr  9 15:10:26 2019] Launched synth_1...
Run output will be captured here: C:/Users/Daniel/Desktop/Alu/AluModularComp/AluModularComp.runs/synth_1/runme.log
launch_runs impl_1 -jobs 2
[Tue Apr  9 15:11:38 2019] Launched impl_1...
Run output will be captured here: C:/Users/Daniel/Desktop/Alu/AluModularComp/AluModularComp.runs/impl_1/runme.log
reset_run synth_1
launch_runs impl_1 -to_step write_bitstream -jobs 2
[Tue Apr  9 15:13:12 2019] Launched synth_1...
Run output will be captured here: C:/Users/Daniel/Desktop/Alu/AluModularComp/AluModularComp.runs/synth_1/runme.log
[Tue Apr  9 15:13:12 2019] Launched impl_1...
Run output will be captured here: C:/Users/Daniel/Desktop/Alu/AluModularComp/AluModularComp.runs/impl_1/runme.log
set_property PROBES.FILE {} [get_hw_devices xc7a100t_0]
set_property FULL_PROBES.FILE {} [get_hw_devices xc7a100t_0]
set_property PROGRAM.FILE {C:/Users/Daniel/Desktop/Alu/AluModularComp/AluModularComp.runs/impl_1/ALUU.bit} [get_hw_devices xc7a100t_0]
program_hw_devices [get_hw_devices xc7a100t_0]
INFO: [Labtools 27-3164] End of startup status: HIGH
refresh_hw_device [lindex [get_hw_devices xc7a100t_0] 0]
INFO: [Labtools 27-1434] Device xc7a100t (JTAG device index = 0) is programmed with a design that has no supported debug core(s) in it.
WARNING: [Labtools 27-3361] The debug hub core was not detected.
Resolution: 
1. Make sure the clock connected to the debug hub (dbg_hub) core is a free running clock and is active.
2. Make sure the BSCAN_SWITCH_USER_MASK device property in Vivado Hardware Manager reflects the user scan chain setting in the design and refresh the device.  To determine the user scan chain setting in the design, open the implemented design and use 'get_property C_USER_SCAN_CHAIN [get_debug_cores dbg_hub]'.
For more details on setting the scan chain property, consult the Vivado Debug and Programming User Guide (UG908).
reset_run synth_1
launch_runs synth_1 -jobs 2
[Tue Apr  9 15:16:01 2019] Launched synth_1...
Run output will be captured here: C:/Users/Daniel/Desktop/Alu/AluModularComp/AluModularComp.runs/synth_1/runme.log
launch_runs impl_1 -jobs 2
[Tue Apr  9 15:17:15 2019] Launched impl_1...
Run output will be captured here: C:/Users/Daniel/Desktop/Alu/AluModularComp/AluModularComp.runs/impl_1/runme.log
launch_runs impl_1 -to_step write_bitstream -jobs 2
[Tue Apr  9 15:18:57 2019] Launched impl_1...
Run output will be captured here: C:/Users/Daniel/Desktop/Alu/AluModularComp/AluModularComp.runs/impl_1/runme.log
set_property PROBES.FILE {} [get_hw_devices xc7a100t_0]
set_property FULL_PROBES.FILE {} [get_hw_devices xc7a100t_0]
set_property PROGRAM.FILE {C:/Users/Daniel/Desktop/Alu/AluModularComp/AluModularComp.runs/impl_1/ALUU.bit} [get_hw_devices xc7a100t_0]
program_hw_devices [get_hw_devices xc7a100t_0]
INFO: [Labtools 27-3164] End of startup status: HIGH
refresh_hw_device [lindex [get_hw_devices xc7a100t_0] 0]
INFO: [Labtools 27-1434] Device xc7a100t (JTAG device index = 0) is programmed with a design that has no supported debug core(s) in it.
WARNING: [Labtools 27-3361] The debug hub core was not detected.
Resolution: 
1. Make sure the clock connected to the debug hub (dbg_hub) core is a free running clock and is active.
2. Make sure the BSCAN_SWITCH_USER_MASK device property in Vivado Hardware Manager reflects the user scan chain setting in the design and refresh the device.  To determine the user scan chain setting in the design, open the implemented design and use 'get_property C_USER_SCAN_CHAIN [get_debug_cores dbg_hub]'.
For more details on setting the scan chain property, consult the Vivado Debug and Programming User Guide (UG908).
close_hw
close_design
close_project
exit
INFO: [Common 17-206] Exiting Vivado at Tue Apr  9 15:20:54 2019...
