#-----------------------------------------------------------
# Vivado v2018.2 (64-bit)
# SW Build 2258646 on Thu Jun 14 20:03:12 MDT 2018
# IP Build 2256618 on Thu Jun 14 22:10:49 MDT 2018
# Start of session at: Mon Apr  8 18:34:00 2019
# Process ID: 10168
# Current directory: C:/Users/Daniel/Desktop/Alu/AluModularComp
# Command line: vivado.exe -gui_launcher_event rodinguilauncherevent11640 C:\Users\Daniel\Desktop\Alu\AluModularComp\AluModularComp.xpr
# Log file: C:/Users/Daniel/Desktop/Alu/AluModularComp/vivado.log
# Journal file: C:/Users/Daniel/Desktop/Alu/AluModularComp\vivado.jou
#-----------------------------------------------------------
start_gui
open_project C:/Users/Daniel/Desktop/Alu/AluModularComp/AluModularComp.xpr
Scanning sources...
Finished scanning sources
INFO: [IP_Flow 19-234] Refreshing IP repositories
INFO: [IP_Flow 19-1704] No user IP repositories specified
INFO: [IP_Flow 19-2313] Loaded Vivado IP repository 'C:/Xilinx/Vivado/2018.2/data/ip'.
open_project: Time (s): cpu = 00:00:10 ; elapsed = 00:00:05 . Memory (MB): peak = 812.488 ; gain = 70.488
update_compile_order -fileset sources_1
add_files -norecurse C:/Users/Daniel/Desktop/Alu/AluModularComp/AluModularComp.srcs/sources_1/new/ALUU.v
update_compile_order -fileset sources_1
export_ip_user_files -of_objects  [get_files C:/Users/Daniel/Desktop/Alu/AluModularComp/AluModularComp.srcs/sources_1/imports/Taller-de-dise-o-digital-Grupo-1-S1-2019-Lab-Alu/ForALU.v] -no_script -reset -force -quiet
remove_files  C:/Users/Daniel/Desktop/Alu/AluModularComp/AluModularComp.srcs/sources_1/imports/Taller-de-dise-o-digital-Grupo-1-S1-2019-Lab-Alu/ForALU.v
file delete -force C:/Users/Daniel/Desktop/Alu/AluModularComp/AluModularComp.srcs/sources_1/imports/Taller-de-dise-o-digital-Grupo-1-S1-2019-Lab-Alu/ForALU.v
update_compile_order -fileset sources_1
update_compile_order -fileset sources_1
launch_runs synth_1 -jobs 2
[Mon Apr  8 18:35:49 2019] Launched synth_1...
Run output will be captured here: C:/Users/Daniel/Desktop/Alu/AluModularComp/AluModularComp.runs/synth_1/runme.log
reset_run synth_1
launch_runs synth_1 -jobs 2
[Mon Apr  8 18:38:01 2019] Launched synth_1...
Run output will be captured here: C:/Users/Daniel/Desktop/Alu/AluModularComp/AluModularComp.runs/synth_1/runme.log
reset_run synth_1
launch_runs synth_1 -jobs 2
[Mon Apr  8 18:38:56 2019] Launched synth_1...
Run output will be captured here: C:/Users/Daniel/Desktop/Alu/AluModularComp/AluModularComp.runs/synth_1/runme.log
reset_run synth_1
launch_runs synth_1 -jobs 2
[Mon Apr  8 18:41:16 2019] Launched synth_1...
Run output will be captured here: C:/Users/Daniel/Desktop/Alu/AluModularComp/AluModularComp.runs/synth_1/runme.log
reset_run synth_1
launch_runs synth_1 -jobs 2
[Mon Apr  8 18:50:23 2019] Launched synth_1...
Run output will be captured here: C:/Users/Daniel/Desktop/Alu/AluModularComp/AluModularComp.runs/synth_1/runme.log
launch_runs impl_1 -jobs 2
[Mon Apr  8 18:51:00 2019] Launched impl_1...
Run output will be captured here: C:/Users/Daniel/Desktop/Alu/AluModularComp/AluModularComp.runs/impl_1/runme.log
reset_run synth_1
launch_runs synth_1 -jobs 2
[Mon Apr  8 18:56:39 2019] Launched synth_1...
Run output will be captured here: C:/Users/Daniel/Desktop/Alu/AluModularComp/AluModularComp.runs/synth_1/runme.log
launch_runs impl_1 -jobs 2
[Mon Apr  8 18:57:07 2019] Launched impl_1...
Run output will be captured here: C:/Users/Daniel/Desktop/Alu/AluModularComp/AluModularComp.runs/impl_1/runme.log
reset_run synth_1
launch_runs synth_1 -jobs 2
[Mon Apr  8 18:58:19 2019] Launched synth_1...
Run output will be captured here: C:/Users/Daniel/Desktop/Alu/AluModularComp/AluModularComp.runs/synth_1/runme.log
launch_runs impl_1 -jobs 2
[Mon Apr  8 18:58:46 2019] Launched impl_1...
Run output will be captured here: C:/Users/Daniel/Desktop/Alu/AluModularComp/AluModularComp.runs/impl_1/runme.log
reset_run synth_1
launch_runs synth_1 -jobs 2
[Mon Apr  8 19:03:00 2019] Launched synth_1...
Run output will be captured here: C:/Users/Daniel/Desktop/Alu/AluModularComp/AluModularComp.runs/synth_1/runme.log
launch_runs impl_1 -jobs 2
[Mon Apr  8 19:03:46 2019] Launched impl_1...
Run output will be captured here: C:/Users/Daniel/Desktop/Alu/AluModularComp/AluModularComp.runs/impl_1/runme.log
reset_run synth_1
launch_runs synth_1 -jobs 2
[Mon Apr  8 19:04:54 2019] Launched synth_1...
Run output will be captured here: C:/Users/Daniel/Desktop/Alu/AluModularComp/AluModularComp.runs/synth_1/runme.log
launch_runs impl_1 -jobs 2
[Mon Apr  8 19:11:02 2019] Launched impl_1...
Run output will be captured here: C:/Users/Daniel/Desktop/Alu/AluModularComp/AluModularComp.runs/impl_1/runme.log
export_ip_user_files -of_objects  [get_files C:/Users/Daniel/Desktop/Alu/AluModularComp/AluModularComp.srcs/sources_1/imports/Taller-de-dise-o-digital-Grupo-1-S1-2019-Lab-Alu/complementoa2.v] -no_script -reset -force -quiet
remove_files  C:/Users/Daniel/Desktop/Alu/AluModularComp/AluModularComp.srcs/sources_1/imports/Taller-de-dise-o-digital-Grupo-1-S1-2019-Lab-Alu/complementoa2.v
file delete -force C:/Users/Daniel/Desktop/Alu/AluModularComp/AluModularComp.srcs/sources_1/imports/Taller-de-dise-o-digital-Grupo-1-S1-2019-Lab-Alu/complementoa2.v
reset_run synth_1
WARNING: [Vivado 12-1017] Problems encountered:
1. Failed to delete one or more files in run directory C:/Users/Daniel/Desktop/Alu/AluModularComp/AluModularComp.runs/synth_1

launch_runs synth_1 -jobs 2
[Mon Apr  8 19:17:14 2019] Launched synth_1...
Run output will be captured here: C:/Users/Daniel/Desktop/Alu/AluModularComp/AluModularComp.runs/synth_1/runme.log
launch_runs impl_1 -jobs 2
[Mon Apr  8 19:18:01 2019] Launched impl_1...
Run output will be captured here: C:/Users/Daniel/Desktop/Alu/AluModularComp/AluModularComp.runs/impl_1/runme.log
export_ip_user_files -of_objects  [get_files C:/Users/Daniel/Desktop/Alu/AluModularComp/AluModularComp.srcs/sources_1/imports/Taller-de-dise-o-digital-Grupo-1-S1-2019-Lab-Alu/muxflagin1.v] -no_script -reset -force -quiet
remove_files  C:/Users/Daniel/Desktop/Alu/AluModularComp/AluModularComp.srcs/sources_1/imports/Taller-de-dise-o-digital-Grupo-1-S1-2019-Lab-Alu/muxflagin1.v
file delete -force C:/Users/Daniel/Desktop/Alu/AluModularComp/AluModularComp.srcs/sources_1/imports/Taller-de-dise-o-digital-Grupo-1-S1-2019-Lab-Alu/muxflagin1.v
reset_run synth_1
launch_runs synth_1 -jobs 2
[Mon Apr  8 19:19:55 2019] Launched synth_1...
Run output will be captured here: C:/Users/Daniel/Desktop/Alu/AluModularComp/AluModularComp.runs/synth_1/runme.log
launch_runs impl_1 -jobs 2
[Mon Apr  8 19:20:34 2019] Launched impl_1...
Run output will be captured here: C:/Users/Daniel/Desktop/Alu/AluModularComp/AluModularComp.runs/impl_1/runme.log
export_ip_user_files -of_objects  [get_files C:/Users/Daniel/Desktop/Alu/AluModularComp/AluModularComp.srcs/sources_1/imports/Taller-de-dise-o-digital-Grupo-1-S1-2019-Lab-Alu/sumador.v] -no_script -reset -force -quiet
remove_files  C:/Users/Daniel/Desktop/Alu/AluModularComp/AluModularComp.srcs/sources_1/imports/Taller-de-dise-o-digital-Grupo-1-S1-2019-Lab-Alu/sumador.v
file delete -force C:/Users/Daniel/Desktop/Alu/AluModularComp/AluModularComp.srcs/sources_1/imports/Taller-de-dise-o-digital-Grupo-1-S1-2019-Lab-Alu/sumador.v
reset_run synth_1
launch_runs synth_1 -jobs 2
[Mon Apr  8 19:22:36 2019] Launched synth_1...
Run output will be captured here: C:/Users/Daniel/Desktop/Alu/AluModularComp/AluModularComp.runs/synth_1/runme.log
launch_runs impl_1 -jobs 2
[Mon Apr  8 19:24:25 2019] Launched impl_1...
Run output will be captured here: C:/Users/Daniel/Desktop/Alu/AluModularComp/AluModularComp.runs/impl_1/runme.log
reset_run synth_1
WARNING: [Vivado 12-1017] Problems encountered:
1. Failed to delete one or more files in run directory C:/Users/Daniel/Desktop/Alu/AluModularComp/AluModularComp.runs/synth_1

launch_runs synth_1 -jobs 2
[Mon Apr  8 19:26:58 2019] Launched synth_1...
Run output will be captured here: C:/Users/Daniel/Desktop/Alu/AluModularComp/AluModularComp.runs/synth_1/runme.log
launch_runs impl_1 -jobs 2
[Mon Apr  8 19:27:45 2019] Launched impl_1...
Run output will be captured here: C:/Users/Daniel/Desktop/Alu/AluModularComp/AluModularComp.runs/impl_1/runme.log
reset_run synth_1
WARNING: [Vivado 12-1017] Problems encountered:
1. Failed to delete one or more files in run directory C:/Users/Daniel/Desktop/Alu/AluModularComp/AluModularComp.runs/synth_1

launch_runs synth_1 -jobs 2
[Mon Apr  8 19:29:57 2019] Launched synth_1...
Run output will be captured here: C:/Users/Daniel/Desktop/Alu/AluModularComp/AluModularComp.runs/synth_1/runme.log
launch_runs impl_1 -jobs 2
[Mon Apr  8 19:30:58 2019] Launched impl_1...
Run output will be captured here: C:/Users/Daniel/Desktop/Alu/AluModularComp/AluModularComp.runs/impl_1/runme.log
open_run impl_1
INFO: [Netlist 29-17] Analyzing 13 Unisim elements for replacement
INFO: [Netlist 29-28] Unisim Transformation completed in 0 CPU seconds
INFO: [Project 1-479] Netlist was created with Vivado 2018.2
INFO: [Device 21-403] Loading part xc7a100tcsg324-1
INFO: [Project 1-570] Preparing netlist for logic optimization
Reading XDEF placement.
Reading placer database...
Reading XDEF routing.
Read XDEF File: Time (s): cpu = 00:00:00 ; elapsed = 00:00:00.127 . Memory (MB): peak = 1279.641 ; gain = 0.066
Restored from archive | CPU: 0.000000 secs | Memory: 0.000000 MB |
Finished XDEF File Restore: Time (s): cpu = 00:00:00 ; elapsed = 00:00:00.127 . Memory (MB): peak = 1279.641 ; gain = 0.066
INFO: [Project 1-111] Unisim Transformation Summary:
No Unisim elements were transformed.

open_run: Time (s): cpu = 00:00:16 ; elapsed = 00:00:12 . Memory (MB): peak = 1406.730 ; gain = 440.090
WARNING: [Timing 38-313] There are no user specified timing constraints. Timing constraints are needed for proper timing analysis.
close_design
open_run synth_1 -name synth_1
Design is defaulting to impl run constrset: constrs_1
Design is defaulting to synth run part: xc7a100tcsg324-1
INFO: [Netlist 29-17] Analyzing 13 Unisim elements for replacement
INFO: [Netlist 29-28] Unisim Transformation completed in 0 CPU seconds
INFO: [Project 1-479] Netlist was created with Vivado 2018.2
INFO: [Project 1-570] Preparing netlist for logic optimization
INFO: [Opt 31-138] Pushed 0 inverter(s) to 0 load pin(s).
INFO: [Project 1-111] Unisim Transformation Summary:
No Unisim elements were transformed.

export_ip_user_files -of_objects  [get_files C:/Users/Daniel/Desktop/Alu/AluModularComp/AluModularComp.srcs/sources_1/new/muxshift.v] -no_script -reset -force -quiet
remove_files  C:/Users/Daniel/Desktop/Alu/AluModularComp/AluModularComp.srcs/sources_1/new/muxshift.v
file delete -force C:/Users/Daniel/Desktop/Alu/AluModularComp/AluModularComp.srcs/sources_1/new/muxshift.v
reset_run synth_1
launch_runs synth_1 -jobs 2
[Mon Apr  8 19:36:12 2019] Launched synth_1...
Run output will be captured here: C:/Users/Daniel/Desktop/Alu/AluModularComp/AluModularComp.runs/synth_1/runme.log
close_design
launch_runs impl_1 -jobs 2
[Mon Apr  8 19:36:40 2019] Launched impl_1...
Run output will be captured here: C:/Users/Daniel/Desktop/Alu/AluModularComp/AluModularComp.runs/impl_1/runme.log
open_run impl_1
INFO: [Netlist 29-17] Analyzing 13 Unisim elements for replacement
INFO: [Netlist 29-28] Unisim Transformation completed in 0 CPU seconds
INFO: [Project 1-479] Netlist was created with Vivado 2018.2
INFO: [Project 1-570] Preparing netlist for logic optimization
Reading XDEF placement.
Reading placer database...
Reading XDEF routing.
Read XDEF File: Time (s): cpu = 00:00:00 ; elapsed = 00:00:00.035 . Memory (MB): peak = 1875.855 ; gain = 0.000
Restored from archive | CPU: 0.000000 secs | Memory: 0.000000 MB |
Finished XDEF File Restore: Time (s): cpu = 00:00:00 ; elapsed = 00:00:00.035 . Memory (MB): peak = 1875.855 ; gain = 0.000
INFO: [Project 1-111] Unisim Transformation Summary:
No Unisim elements were transformed.

WARNING: [Timing 38-313] There are no user specified timing constraints. Timing constraints are needed for proper timing analysis.
exit
INFO: [Common 17-206] Exiting Vivado at Mon Apr  8 19:39:26 2019...
