#-----------------------------------------------------------
# Vivado v2018.2 (64-bit)
# SW Build 2258646 on Thu Jun 14 20:03:12 MDT 2018
# IP Build 2256618 on Thu Jun 14 22:10:49 MDT 2018
# Start of session at: Fri Apr  5 13:18:28 2019
# Process ID: 14892
# Current directory: C:/Users/Daniel/Desktop/AluModular
# Command line: vivado.exe -gui_launcher_event rodinguilauncherevent12688 C:\Users\Daniel\Desktop\AluModular\AluModular.xpr
# Log file: C:/Users/Daniel/Desktop/AluModular/vivado.log
# Journal file: C:/Users/Daniel/Desktop/AluModular\vivado.jou
#-----------------------------------------------------------
start_gui
open_project C:/Users/Daniel/Desktop/AluModular/AluModular.xpr
Scanning sources...
Finished scanning sources
INFO: [IP_Flow 19-234] Refreshing IP repositories
INFO: [IP_Flow 19-1704] No user IP repositories specified
INFO: [IP_Flow 19-2313] Loaded Vivado IP repository 'C:/Xilinx/Vivado/2018.2/data/ip'.
open_project: Time (s): cpu = 00:00:16 ; elapsed = 00:00:13 . Memory (MB): peak = 789.730 ; gain = 66.590
update_compile_order -fileset sources_1
update_compile_order -fileset sources_1
export_ip_user_files -of_objects  [get_files C:/Users/Daniel/Desktop/Taller-de-dise-o-digital-Grupo-1-S1-2019-Lab-Alu/incrementa1.v] -no_script -reset -force -quiet
remove_files  C:/Users/Daniel/Desktop/Taller-de-dise-o-digital-Grupo-1-S1-2019-Lab-Alu/incrementa1.v
export_ip_user_files -of_objects  [get_files C:/Users/Daniel/Desktop/Taller-de-dise-o-digital-Grupo-1-S1-2019-Lab-Alu/decrementa1.v] -no_script -reset -force -quiet
remove_files  C:/Users/Daniel/Desktop/Taller-de-dise-o-digital-Grupo-1-S1-2019-Lab-Alu/decrementa1.v
export_ip_user_files -of_objects  [get_files C:/Users/Daniel/Desktop/Taller-de-dise-o-digital-Grupo-1-S1-2019-Lab-Alu/muxflagin1.v] -no_script -reset -force -quiet
remove_files  C:/Users/Daniel/Desktop/Taller-de-dise-o-digital-Grupo-1-S1-2019-Lab-Alu/muxflagin1.v
add_files -norecurse C:/Users/Daniel/Desktop/Taller-de-dise-o-digital-Grupo-1-S1-2019-Lab-Alu/muxflagin1.v
update_compile_order -fileset sources_1
update_compile_order -fileset sources_1
update_compile_order -fileset sources_1
exit
INFO: [Common 17-206] Exiting Vivado at Mon Apr  8 01:35:42 2019...
